#
# A fatal error has been detected by the Java Runtime Environment:
#
#  EXCEPTION_ACCESS_VIOLATION (0xc0000005) at pc=0x0000000055ccf8e7, pid=19328, tid=0x0000000000004d2c
#
# JRE version: Java(TM) SE Runtime Environment (8.0_191-b12) (build 1.8.0_191-b12)
# Java VM: Java HotSpot(TM) 64-Bit Server VM (25.191-b12 mixed mode windows-amd64 compressed oops)
# Problematic frame:
# V  [jvm.dll+0x13f8e7]
#
# Failed to write core dump. Minidumps are not enabled by default on client versions of Windows
#
# If you would like to submit a bug report, please visit:
#   http://bugreport.java.com/bugreport/crash.jsp
#

---------------  T H R E A D  ---------------

Current thread (0x000000001ffb8800):  JavaThread "HIDCommandExecutionQueue.executor pool-5-thread-1" daemon [_thread_in_vm, id=19756, stack(0x0000000021db0000,0x0000000021eb0000)]

siginfo: ExceptionCode=0xc0000005, reading address 0x0000000000000000

Registers:
RAX=0x0000000000000000, RBX=0x000000001ffb8800, RCX=0x0000000000000880, RDX=0x000000001ff5e7d0
RSP=0x0000000021eae6b0, RBP=0x0000000000000000, RSI=0x000000001ff5e7d0, RDI=0x0000000000000101
R8 =0x0000000000000000, R9 =0x000000076bbf2c40, R10=0x0000000000000024, R11=0x00000000563a5aa0
R12=0x0000000000000000, R13=0x0000000000000110, R14=0x0000000000000158, R15=0x000000001ffb8800
RIP=0x0000000055ccf8e7, EFLAGS=0x0000000000010202

Top of Stack: (sp=0x0000000021eae6b0)
0x0000000021eae6b0:   0000b2adc295f082 cccccccccccccccc
0x0000000021eae6c0:   00000000000001d8 00000000217e9cb8
0x0000000021eae6d0:   00000000000001d8 0000000180001419
0x0000000021eae6e0:   0000000000000049 0000000021eae820
0x0000000021eae6f0:   00000000217e9cb8 0000000000000049
0x0000000021eae700:   0000000000000000 000000018000132e
0x0000000021eae710:   0000000021eae7f0 0000000021eae7f8
0x0000000021eae720:   0000000021eae800 0000000180002410
0x0000000021eae730:   0000000000000000 00000001800012f8
0x0000000021eae740:   00000001800263e8 0000000055cce089
0x0000000021eae750:   00000001800263a0 00000001800263e8
0x0000000021eae760:   00000001800263e8 0000000002effad0
0x0000000021eae770:   00000000217b2e00 0000000002d63309
0x0000000021eae780:   0000000000000790 000000076b893e40
0x0000000021eae790:   000000001ffb8800 0000000000000000
0x0000000021eae7a0:   000000076b893e40 0000000180002410 

Instructions: (pc=0x0000000055ccf8e7)
0x0000000055ccf8c7:   00 00 00 30 74 08 48 8b cb e8 7b 43 10 00 c7 83
0x0000000055ccf8d7:   70 02 00 00 06 00 00 00 40 b7 01 48 85 f6 74 60
0x0000000055ccf8e7:   48 8b 4d 00 40 32 ff e8 2d 97 f2 ff 48 8b d0 48
0x0000000055ccf8f7:   85 c0 74 4c 40 38 3d 9f 51 6d 00 4c 8b 06 74 16 


Register to memory mapping:

RAX=0x0000000000000000 is an unknown value
RBX=0x000000001ffb8800 is a thread
RCX=0x0000000000000880 is an unknown value
RDX=0x000000001ff5e7d0 is an unknown value
RSP=0x0000000021eae6b0 is pointing into the stack for thread: 0x000000001ffb8800
RBP=0x0000000000000000 is an unknown value
RSI=0x000000001ff5e7d0 is an unknown value
RDI=0x0000000000000101 is an unknown value
R8 =0x0000000000000000 is an unknown value
R9 =0x000000076bbf2c40 is an oop
[Ljava.lang.Object; 
 - klass: 'java/lang/Object'[]
 - length: 5
R10=0x0000000000000024 is an unknown value
R11=0x00000000563a5aa0 is an unknown value
R12=0x0000000000000000 is an unknown value
R13=0x0000000000000110 is an unknown value
R14=0x0000000000000158 is an unknown value
R15=0x000000001ffb8800 is a thread


Stack: [0x0000000021db0000,0x0000000021eb0000],  sp=0x0000000021eae6b0,  free space=1017k
Native frames: (J=compiled Java code, j=interpreted, Vv=VM code, C=native code)

Java frames: (J=compiled Java code, j=interpreted, Vv=VM code)
J 746  com.sun.jna.Function.invokeInt(I[Ljava/lang/Object;)I (0 bytes) @ 0x0000000002efa18f [0x0000000002efa140+0x4f]
J 742 C1 com.sun.jna.Function.invoke([Ljava/lang/Object;Ljava/lang/Class;Z)Ljava/lang/Object; (1125 bytes) @ 0x0000000002ee5cb4 [0x0000000002ee5580+0x734]
J 726 C1 com.sun.jna.Function.invoke(Ljava/lang/Class;[Ljava/lang/Object;Ljava/util/Map;)Ljava/lang/Object; (526 bytes) @ 0x0000000002ed7c2c [0x0000000002ed68e0+0x134c]
J 741 C1 com.sun.jna.Library$Handler.invoke(Ljava/lang/Object;Ljava/lang/reflect/Method;[Ljava/lang/Object;)Ljava/lang/Object; (345 bytes) @ 0x0000000002ee220c [0x0000000002edff80+0x228c]
j  com.sun.proxy.$Proxy2.WriteFile(Lcom/sun/jna/ptr/PointerByReference;[BILcom/sun/jna/ptr/IntByReference;Lcom/sun/jna/ptr/IntByReference;)Z+37
j  edu.cmu.ri.createlab.usb.hid.windows.WindowsHIDDevice.write([B)Ledu/cmu/ri/createlab/usb/hid/HIDWriteStatus;+207
j  edu.cmu.ri.createlab.usb.hid.CreateLabHIDCommandStrategy.execute(Ledu/cmu/ri/createlab/usb/hid/HIDDevice;)Ledu/cmu/ri/createlab/usb/hid/HIDCommandResponse;+15
j  edu.cmu.ri.createlab.usb.hid.CreateLabHIDCommandStrategy.execute(Ljava/lang/Object;)Ledu/cmu/ri/createlab/util/commandexecution/CommandResponse;+5
j  edu.cmu.ri.createlab.usb.hid.HIDCommand.call()Ledu/cmu/ri/createlab/usb/hid/HIDCommandResponse;+8
j  edu.cmu.ri.createlab.usb.hid.HIDCommand.call()Ljava/lang/Object;+1
j  java.util.concurrent.FutureTask.run()V+42
j  java.util.concurrent.ThreadPoolExecutor.runWorker(Ljava/util/concurrent/ThreadPoolExecutor$Worker;)V+95
j  java.util.concurrent.ThreadPoolExecutor$Worker.run()V+5
j  java.lang.Thread.run()V+11
v  ~StubRoutines::call_stub

---------------  P R O C E S S  ---------------

Java Threads: ( => current thread )
  0x000000001e03c000 JavaThread "AWT-Shutdown" [_thread_blocked, id=8800, stack(0x00000000221b0000,0x00000000222b0000)]
  0x0000000002b0d800 JavaThread "DestroyJavaVM" [_thread_blocked, id=21124, stack(0x0000000002980000,0x0000000002a80000)]
=>0x000000001ffb8800 JavaThread "HIDCommandExecutionQueue.executor pool-5-thread-1" daemon [_thread_in_vm, id=19756, stack(0x0000000021db0000,0x0000000021eb0000)]
  0x000000001ffb3800 JavaThread "FinchController.peerPingScheduler pool-6-thread-1" daemon [_thread_blocked, id=4292, stack(0x0000000021cb0000,0x0000000021db0000)]
  0x000000001ff0a800 JavaThread "BaseCreateLabDeviceConnectivityManager.executorService pool-1-thread-1" daemon [_thread_blocked, id=9816, stack(0x0000000021600000,0x0000000021700000)]
  0x000000001ff09000 JavaThread "DatasetPlotter.executorService pool-4-thread-1" daemon [_thread_blocked, id=3792, stack(0x0000000021400000,0x0000000021500000)]
  0x000000001ff06800 JavaThread "DatasetPlotter.executorService pool-3-thread-1" daemon [_thread_blocked, id=3020, stack(0x0000000021300000,0x0000000021400000)]
  0x000000001fec4000 JavaThread "DatasetPlotter.executorService pool-2-thread-1" daemon [_thread_blocked, id=8116, stack(0x0000000021200000,0x0000000021300000)]
  0x000000001e32b000 JavaThread "Java2D Disposer" daemon [_thread_blocked, id=16892, stack(0x0000000020530000,0x0000000020630000)]
  0x000000001e03a000 JavaThread "Service Thread" daemon [_thread_blocked, id=17168, stack(0x000000001f9f0000,0x000000001faf0000)]
  0x000000001dfb7800 JavaThread "C1 CompilerThread3" daemon [_thread_blocked, id=16068, stack(0x000000001f8f0000,0x000000001f9f0000)]
  0x000000001dfb6800 JavaThread "C2 CompilerThread2" daemon [_thread_blocked, id=19512, stack(0x000000001f7f0000,0x000000001f8f0000)]
  0x000000001dfa7000 JavaThread "C2 CompilerThread1" daemon [_thread_blocked, id=12120, stack(0x000000001f6f0000,0x000000001f7f0000)]
  0x000000001dfa1000 JavaThread "C2 CompilerThread0" daemon [_thread_blocked, id=15228, stack(0x000000001f5f0000,0x000000001f6f0000)]
  0x000000001df9b000 JavaThread "Attach Listener" daemon [_thread_blocked, id=3300, stack(0x000000001f4f0000,0x000000001f5f0000)]
  0x000000001df9a000 JavaThread "Signal Dispatcher" daemon [_thread_blocked, id=7156, stack(0x000000001f3f0000,0x000000001f4f0000)]
  0x000000001df93000 JavaThread "Finalizer" daemon [_thread_blocked, id=12744, stack(0x000000001f1f0000,0x000000001f2f0000)]
  0x0000000002c0a000 JavaThread "Reference Handler" daemon [_thread_blocked, id=20924, stack(0x000000001f0f0000,0x000000001f1f0000)]

Other Threads:
  0x000000001c8b6800 VMThread [stack: 0x000000001eff0000,0x000000001f0f0000] [id=2740]
  0x000000001e065800 WatcherThread [stack: 0x000000001faf0000,0x000000001fbf0000] [id=19352]

VM state:not at safepoint (normal execution)

VM Mutex/Monitor currently owned by a thread: None

Heap:
 PSYoungGen      total 76288K, used 26226K [0x000000076af00000, 0x0000000770400000, 0x00000007c0000000)
  eden space 65536K, 40% used [0x000000076af00000,0x000000076c89cbc8,0x000000076ef00000)
  from space 10752K, 0% used [0x000000076f980000,0x000000076f980000,0x0000000770400000)
  to   space 10752K, 0% used [0x000000076ef00000,0x000000076ef00000,0x000000076f980000)
 ParOldGen       total 175104K, used 0K [0x00000006c0c00000, 0x00000006cb700000, 0x000000076af00000)
  object space 175104K, 0% used [0x00000006c0c00000,0x00000006c0c00000,0x00000006cb700000)
 Metaspace       used 10431K, capacity 10592K, committed 10880K, reserved 1058816K
  class space    used 1255K, capacity 1321K, committed 1408K, reserved 1048576K

Card table byte_map: [0x0000000011fd0000,0x00000000127d0000] byte_map_base: 0x000000000e9ca000

Marking Bits: (ParMarkBitMap*) 0x00000000563b3e30
 Begin Bits: [0x0000000013730000, 0x0000000017700000)
 End Bits:   [0x0000000017700000, 0x000000001b6d0000)

Polling page: 0x00000000007f0000

CodeCache: size=245760Kb used=3014Kb max_used=3014Kb free=242745Kb
 bounds [0x0000000002c10000, 0x0000000002f10000, 0x0000000011c10000]
 total_blobs=1166 nmethods=770 adapters=310
 compilation: enabled

Compilation events (10 events):
Event: 32.527 Thread 0x000000001dfb7800  765       3       java.nio.Buffer::position (43 bytes)
Event: 32.527 Thread 0x000000001dfb7800 nmethod 765 0x0000000002f00290 code [0x0000000002f00400, 0x0000000002f006c8]
Event: 32.527 Thread 0x000000001dfb7800  766       3       java.nio.ByteBuffer::arrayOffset (35 bytes)
Event: 32.527 Thread 0x000000001dfb7800 nmethod 766 0x0000000002f00b10 code [0x0000000002f00ca0, 0x0000000002f00fb8]
Event: 32.527 Thread 0x000000001dfb7800  769       3       java.nio.CharBuffer::arrayOffset (35 bytes)
Event: 32.527 Thread 0x000000001dfb7800 nmethod 769 0x0000000002f01110 code [0x0000000002f012a0, 0x0000000002f015b8]
Event: 32.527 Thread 0x000000001dfb7800  768       3       java.io.FileOutputStream::write (12 bytes)
Event: 32.527 Thread 0x000000001dfb7800 nmethod 768 0x0000000002f01710 code [0x0000000002f01880, 0x0000000002f01a08]
Event: 32.529 Thread 0x000000001dfb7800  770       3       java.lang.System::getProperty (25 bytes)
Event: 32.529 Thread 0x000000001dfb7800 nmethod 770 0x0000000002f01ad0 code [0x0000000002f01ca0, 0x0000000002f02328]

GC Heap History (0 events):
No events

Deoptimization events (1 events):
Event: 0.264 Thread 0x0000000002b0d800 Uncommon trap: reason=unstable_if action=reinterpret pc=0x0000000002d5a05c method=java.lang.String.startsWith(Ljava/lang/String;I)Z @ 25

Classes redefined (0 events):
No events

Internal exceptions (10 events):
Event: 0.143 Thread 0x0000000002b0d800 Exception <a 'java/lang/ClassNotFoundException': org/apache/log4j/WriterAppenderCustomizer> (0x000000076b243388) thrown at [C:\re\workspace\8-2-build-windows-amd64-cygwin\jdk8u191\11896\hotspot\src\share\vm\classfile\systemDictionary.cpp, line 210]
Event: 0.144 Thread 0x0000000002b0d800 Exception <a 'java/lang/ClassNotFoundException': org/apache/log4j/FileAppenderCustomizer> (0x000000076b252e08) thrown at [C:\re\workspace\8-2-build-windows-amd64-cygwin\jdk8u191\11896\hotspot\src\share\vm\classfile\systemDictionary.cpp, line 210]
Event: 0.150 Thread 0x0000000002b0d800 Exception <a 'java/lang/ClassNotFoundException': org/apache/log4j/PatternLayoutBeanInfo> (0x000000076b29d590) thrown at [C:\re\workspace\8-2-build-windows-amd64-cygwin\jdk8u191\11896\hotspot\src\share\vm\classfile\systemDictionary.cpp, line 210]
Event: 0.150 Thread 0x0000000002b0d800 Exception <a 'java/lang/ClassNotFoundException': org/apache/log4j/LayoutBeanInfo> (0x000000076b2a04d0) thrown at [C:\re\workspace\8-2-build-windows-amd64-cygwin\jdk8u191\11896\hotspot\src\share\vm\classfile\systemDictionary.cpp, line 210]
Event: 0.150 Thread 0x0000000002b0d800 Exception <a 'java/lang/ClassNotFoundException': org/apache/log4j/LayoutCustomizer> (0x000000076b2a3280) thrown at [C:\re\workspace\8-2-build-windows-amd64-cygwin\jdk8u191\11896\hotspot\src\share\vm\classfile\systemDictionary.cpp, line 210]
Event: 0.151 Thread 0x0000000002b0d800 Exception <a 'java/lang/ClassNotFoundException': org/apache/log4j/PatternLayoutCustomizer> (0x000000076b2aa8a0) thrown at [C:\re\workspace\8-2-build-windows-amd64-cygwin\jdk8u191\11896\hotspot\src\share\vm\classfile\systemDictionary.cpp, line 210]
Event: 0.183 Thread 0x0000000002b0d800 Exception <a 'java/io/FileNotFoundException'> (0x000000076b36fe40) thrown at [C:\re\workspace\8-2-build-windows-amd64-cygwin\jdk8u191\11896\hotspot\src\share\vm\prims\jni.cpp, line 709]
Event: 0.206 Thread 0x0000000002b0d800 Exception <a 'java/lang/NoSuchFieldError': method resolution failed> (0x000000076b440d78) thrown at [C:\re\workspace\8-2-build-windows-amd64-cygwin\jdk8u191\11896\hotspot\src\share\vm\prims\methodHandles.cpp, line 1167]
Event: 0.207 Thread 0x0000000002b0d800 Exception <a 'java/lang/NoSuchFieldError': method resolution failed> (0x000000076b44e098) thrown at [C:\re\workspace\8-2-build-windows-amd64-cygwin\jdk8u191\11896\hotspot\src\share\vm\prims\methodHandles.cpp, line 1167]
Event: 0.260 Thread 0x0000000002b0d800 Exception <a 'java/io/FileNotFoundException'> (0x000000076b535bf8) thrown at [C:\re\workspace\8-2-build-windows-amd64-cygwin\jdk8u191\11896\hotspot\src\share\vm\prims\jni.cpp, line 709]

Events (10 events):
Event: 32.528 Thread 0x000000001e03c000 Thread added: 0x000000001e03c000
Event: 32.528 loading class java/util/Vector$Itr
Event: 32.529 loading class java/util/Vector$Itr done
Event: 32.529 loading class java/lang/ProcessBuilder
Event: 32.529 loading class java/lang/ProcessBuilder done
Event: 32.529 loading class java/lang/ProcessImpl
Event: 32.529 loading class java/lang/Process
Event: 32.529 Thread 0x000000001e32c800 Thread exited: 0x000000001e32c800
Event: 32.529 loading class java/lang/Process done
Event: 32.529 loading class java/lang/ProcessImpl done


Dynamic libraries:
0x00007ff7914f0000 - 0x00007ff791527000 	D:\Java\bin\javaw.exe
0x00007ff95a020000 - 0x00007ff95a210000 	C:\WINDOWS\SYSTEM32\ntdll.dll
0x00007ff9582d0000 - 0x00007ff958382000 	C:\WINDOWS\System32\KERNEL32.DLL
0x00007ff9571f0000 - 0x00007ff957493000 	C:\WINDOWS\System32\KERNELBASE.dll
0x00007ff958390000 - 0x00007ff958433000 	C:\WINDOWS\System32\ADVAPI32.dll
0x00007ff958740000 - 0x00007ff9587de000 	C:\WINDOWS\System32\msvcrt.dll
0x00007ff958b20000 - 0x00007ff958bb7000 	C:\WINDOWS\System32\sechost.dll
0x00007ff958e30000 - 0x00007ff958f50000 	C:\WINDOWS\System32\RPCRT4.dll
0x00007ff958130000 - 0x00007ff9582c4000 	C:\WINDOWS\System32\USER32.dll
0x00007ff957d30000 - 0x00007ff957d51000 	C:\WINDOWS\System32\win32u.dll
0x00007ff959eb0000 - 0x00007ff959ed6000 	C:\WINDOWS\System32\GDI32.dll
0x00007ff957d60000 - 0x00007ff957ef4000 	C:\WINDOWS\System32\gdi32full.dll
0x00007ff957150000 - 0x00007ff9571ee000 	C:\WINDOWS\System32\msvcp_win.dll
0x00007ff956fb0000 - 0x00007ff9570aa000 	C:\WINDOWS\System32\ucrtbase.dll
0x00007ff94e680000 - 0x00007ff94e905000 	C:\WINDOWS\WinSxS\amd64_microsoft.windows.common-controls_6595b64144ccf1df_6.0.18362.535_none_e6c3b34713100821\COMCTL32.dll
0x00007ff9587e0000 - 0x00007ff958b16000 	C:\WINDOWS\System32\combase.dll
0x00007ff957f00000 - 0x00007ff957f80000 	C:\WINDOWS\System32\bcryptPrimitives.dll
0x00007ff959f00000 - 0x00007ff959f2e000 	C:\WINDOWS\System32\IMM32.DLL
0x00000000558f0000 - 0x00000000559c2000 	D:\Java\bin\msvcr100.dll
0x0000000055b90000 - 0x0000000056434000 	D:\Java\bin\server\jvm.dll
0x00007ff959340000 - 0x00007ff959348000 	C:\WINDOWS\System32\PSAPI.DLL
0x00007ff94c750000 - 0x00007ff94c774000 	C:\WINDOWS\SYSTEM32\WINMM.dll
0x00007ff9466c0000 - 0x00007ff9466c9000 	C:\WINDOWS\SYSTEM32\WSOCK32.dll
0x00007ff952660000 - 0x00007ff95266a000 	C:\WINDOWS\SYSTEM32\VERSION.dll
0x00007ff958620000 - 0x00007ff95868f000 	C:\WINDOWS\System32\WS2_32.dll
0x00007ff94ce60000 - 0x00007ff94ce8d000 	C:\WINDOWS\SYSTEM32\winmmbase.dll
0x00007ff9570b0000 - 0x00007ff9570fa000 	C:\WINDOWS\System32\cfgmgr32.dll
0x0000000055aa0000 - 0x0000000055aaf000 	D:\Java\bin\verify.dll
0x0000000055a70000 - 0x0000000055a99000 	D:\Java\bin\java.dll
0x0000000055a50000 - 0x0000000055a66000 	D:\Java\bin\zip.dll
0x00007ff9597c0000 - 0x00007ff959ea5000 	C:\WINDOWS\System32\SHELL32.dll
0x00007ff958690000 - 0x00007ff958739000 	C:\WINDOWS\System32\shcore.dll
0x00007ff9574a0000 - 0x00007ff957c1f000 	C:\WINDOWS\System32\windows.storage.dll
0x00007ff956f90000 - 0x00007ff956faf000 	C:\WINDOWS\System32\profapi.dll
0x00007ff956f40000 - 0x00007ff956f8a000 	C:\WINDOWS\System32\powrprof.dll
0x00007ff956ef0000 - 0x00007ff956f00000 	C:\WINDOWS\System32\UMPDC.dll
0x00007ff958d00000 - 0x00007ff958d52000 	C:\WINDOWS\System32\shlwapi.dll
0x00007ff956f00000 - 0x00007ff956f11000 	C:\WINDOWS\System32\kernel.appcore.dll
0x00007ff957100000 - 0x00007ff957117000 	C:\WINDOWS\System32\cryptsp.dll
0x0000000055750000 - 0x00000000558e9000 	D:\Java\bin\awt.dll
0x00007ff958f50000 - 0x00007ff959014000 	C:\WINDOWS\System32\OLEAUT32.dll
0x00007ff954d70000 - 0x00007ff954dff000 	C:\WINDOWS\SYSTEM32\apphelp.dll
0x00007ff954e40000 - 0x00007ff954ed9000 	C:\WINDOWS\system32\uxtheme.dll
0x00007ff958bc0000 - 0x00007ff958cf5000 	C:\WINDOWS\System32\MSCTF.dll
0x00007ff9584c0000 - 0x00007ff958616000 	C:\WINDOWS\System32\ole32.dll
0x00007ff955430000 - 0x00007ff95545d000 	C:\WINDOWS\system32\DWMAPI.DLL
0x00007ff956270000 - 0x00007ff9562a3000 	C:\WINDOWS\system32\rsaenh.dll
0x00007ff957120000 - 0x00007ff957146000 	C:\WINDOWS\System32\bcrypt.dll
0x00007ff956e10000 - 0x00007ff956e35000 	C:\WINDOWS\SYSTEM32\USERENV.dll
0x00007ff9568d0000 - 0x00007ff9568dc000 	C:\WINDOWS\SYSTEM32\CRYPTBASE.dll
0x0000000055a30000 - 0x0000000055a4a000 	D:\Java\bin\net.dll
0x00007ff956700000 - 0x00007ff956767000 	C:\WINDOWS\system32\mswsock.dll
0x00007ff956410000 - 0x00007ff95644a000 	C:\WINDOWS\SYSTEM32\IPHLPAPI.DLL
0x00007ff959030000 - 0x00007ff959038000 	C:\WINDOWS\System32\NSI.dll
0x00007ff9526c0000 - 0x00007ff9526d6000 	C:\WINDOWS\SYSTEM32\dhcpcsvc6.DLL
0x00007ff952550000 - 0x00007ff95256c000 	C:\WINDOWS\SYSTEM32\dhcpcsvc.DLL
0x00007ff956450000 - 0x00007ff95651a000 	C:\WINDOWS\SYSTEM32\DNSAPI.dll
0x0000000055a10000 - 0x0000000055a21000 	D:\Java\bin\nio.dll
0x0000000180000000 - 0x0000000180037000 	C:\Users\Arran\AppData\Local\Temp\jna4649831657527739790.dll
0x00007ff955ae0000 - 0x00007ff955aee000 	C:\WINDOWS\SYSTEM32\hid.dll
0x00007ff959350000 - 0x00007ff9597c0000 	C:\WINDOWS\System32\setupapi.dll
0x00007ff956af0000 - 0x00007ff956b1a000 	C:\WINDOWS\System32\DEVOBJ.dll
0x00007ff957cd0000 - 0x00007ff957d2c000 	C:\WINDOWS\System32\WINTRUST.dll
0x00007ff956f20000 - 0x00007ff956f32000 	C:\WINDOWS\System32\MSASN1.dll
0x00007ff957f80000 - 0x00007ff9580c9000 	C:\WINDOWS\System32\CRYPT32.dll
0x00007ff955780000 - 0x00007ff955974000 	C:\WINDOWS\SYSTEM32\dbghelp.dll

VM Arguments:
jvm_args: -Dfile.encoding=Cp1252 
java_command: FollowLight
java_class_path (initial): D:\Eclipse Workshop\Assignment2\bin;D:\Eclipse Workshop\Finch\SourceFiles\finch.jar
Launcher Type: SUN_STANDARD

Environment Variables:
PATH=D:/Java/bin/server;D:/Java/bin;D:/Java/lib/amd64;C:\Program Files (x86)\Common Files\Oracle\Java\javapath;C:\Windows\system32;C:\Windows;C:\Windows\System32\Wbem;C:\Windows\System32\WindowsPowerShell\v1.0\;C:\WINDOWS\system32;C:\WINDOWS;C:\WINDOWS\System32\Wbem;C:\WINDOWS\System32\WindowsPowerShell\v1.0\;C:\WINDOWS\System32\OpenSSH\;C:\Program Files (x86)\NVIDIA Corporation\PhysX\Common;C:\Program Files\Microsoft SQL Server\130\Tools\Binn\;C:\Program Files\NVIDIA Corporation\NVIDIA NvDLISR;D:\Python\Scripts;C:\Users\Arran\AppData\Local\Programs\Python\Python37\Scripts;;%SystemRoot%\system32;%SystemRoot%;%SystemRoot%\System32\Wbem;%SYSTEMROOT%\System32\WindowsPowerShell\v1.0\;%SYSTEMROOT%\System32\OpenSSH\;C:\Users\Arran\AppData\Local\Microsoft\WindowsApps;;%USERPROFILE%\AppData\Local\Microsoft\WindowsApps;C:\Users\Arran\Desktop;
USERNAME=Arran
OS=Windows_NT
PROCESSOR_IDENTIFIER=AMD64 Family 23 Model 8 Stepping 2, AuthenticAMD



---------------  S Y S T E M  ---------------

OS: Windows 10.0 , 64 bit Build 18362 (10.0.18362.329)

CPU:total 12 (initial active 12) (12 cores per cpu, 1 threads per core) family 23 model 8 stepping 2, cmov, cx8, fxsr, mmx, sse, sse2, sse3, ssse3, sse4.1, sse4.2, popcnt, avx, avx2, aes, clmul, mmxext, 3dnowpref, lzcnt, sse4a, tsc, tscinvbit, tscinv, bmi1

Memory: 4k page, physical 16727172k(8777704k free), swap 28402364k(16337100k free)

vm_info: Java HotSpot(TM) 64-Bit Server VM (25.191-b12) for windows-amd64 JRE (1.8.0_191-b12), built on Oct  6 2018 09:29:03 by "java_re" with MS VC++ 10.0 (VS2010)

time: Sat Dec 21 12:03:47 2019
elapsed time: 32 seconds (0d 0h 0m 32s)

